<?xml version="1.0" encoding="UTF-8"?>
<!-- Generated by org.testng.reporters.JUnitReportReporter -->
<testsuite hostname="LAPTOP-KFNMP1AA" failures="0" tests="1" name="Test.BlazedemoTest" time="6.048" errors="0" timestamp="2024-10-22T14:12:30 IST" skipped="0">
  <testcase classname="Test.BlazedemoTest" name="test1" time="6.048"/>
  <system-out/>
</testsuite> <!-- Test.BlazedemoTest -->
